Using TensorFlow backend.
### Korean FrameNet ###
	# contact: hahmyg@kaist, hahmyg@gmail.com #


	###DEVICE: cuda:0
	###multilingual-for-en-masking
### Your result would be saved to: /disk/data/models/eval_result/en_with_exem_for_en_with_masking_result.txt
# of instances in trn: 19391
# of instances in dev: 2272
# of instances in tst: 6714
data example: [['Greece', 'wildfires', 'force', 'thousands', 'to', '<tgt>', 'evacuate', '</tgt>'], ['_', '_', '_', '_', '_', '_', 'evacuate.v', '_'], ['_', '_', '_', '_', '_', '_', 'Escaping', '_'], ['O', 'O', 'O', 'B-Escapee', 'O', 'X', 'O', 'X']]
### EVALUATION
MODE: framenet
target LANGUAGE: en
trained LANGUAGE: en_with_exem
Viterbi: False
masking: True
using TGT token: True
### model dir: /disk/data/models/framenet/enModel-with-exemplar/3/
### TARGET LANGUAGE: en
srl model: framenet
language: multilingual
version: 1.1
using viterbi: False
using masking: True
pretrained BERT: bert-base-multilingual-cased
using TGT special token: True
used dictionary:
	 /disk/kaiser/kaiser/src/../koreanframenet/resource/info/mul_lu2idx.json
	 /disk/kaiser/kaiser/src/../koreanframenet/resource/info/mul_lufrmap.json
	 /disk/kaiser/kaiser/src/../koreanframenet/resource/info/mul_bio_frargmap.json
...loaded model path: /disk/data/models/framenet/enModel-with-exemplar/3/
/disk/data/models/framenet/enModel-with-exemplar/3/
...model is loaded
../kaiser/src/utils.py:284: UserWarning: Implicit dimension choice for softmax has been deprecated. Change the call to include dim=X as an argument.
  pred_logits = sm(masked_logit).view(1,-1)
# EPOCH: 3
SenseId Accuracy: 0.8943997616919869
ArgId Precision: 0.5908007626310772
ArgId Recall: 0.6580251282958768
ArgId F1: 0.6226035998325659
full-structure Precision: 0.7052884379748077
full-structure Recall: 0.754430114291706
full-structure F1: 0.7290320946373838
-----processing time: 0hour:55min:21sec

### model dir: /disk/data/models/framenet/enModel-with-exemplar/15/
### TARGET LANGUAGE: en
srl model: framenet
language: multilingual
version: 1.1
using viterbi: False
using masking: True
pretrained BERT: bert-base-multilingual-cased
using TGT special token: True
used dictionary:
	 /disk/kaiser/kaiser/src/../koreanframenet/resource/info/mul_lu2idx.json
	 /disk/kaiser/kaiser/src/../koreanframenet/resource/info/mul_lufrmap.json
	 /disk/kaiser/kaiser/src/../koreanframenet/resource/info/mul_bio_frargmap.json
...loaded model path: /disk/data/models/framenet/enModel-with-exemplar/15/
/disk/data/models/framenet/enModel-with-exemplar/15/
...model is loaded
# EPOCH: 15
SenseId Accuracy: 0.9022937146261543
ArgId Precision: 0.5924219556755898
ArgId Recall: 0.6598832065121217
ArgId F1: 0.6243355238374283
full-structure Precision: 0.7099843075715967
full-structure Recall: 0.7590437244416484
full-structure F1: 0.7336948259261136
-----processing time: 1hour:50min:42sec

### model dir: /disk/data/models/framenet/enModel-with-exemplar/12/
### TARGET LANGUAGE: en
srl model: framenet
language: multilingual
version: 1.1
using viterbi: False
using masking: True
pretrained BERT: bert-base-multilingual-cased
using TGT special token: True
used dictionary:
	 /disk/kaiser/kaiser/src/../koreanframenet/resource/info/mul_lu2idx.json
	 /disk/kaiser/kaiser/src/../koreanframenet/resource/info/mul_lufrmap.json
	 /disk/kaiser/kaiser/src/../koreanframenet/resource/info/mul_bio_frargmap.json
...loaded model path: /disk/data/models/framenet/enModel-with-exemplar/12/
/disk/data/models/framenet/enModel-with-exemplar/12/
...model is loaded
# EPOCH: 12
SenseId Accuracy: 0.8985701519213584
ArgId Precision: 0.5903841621494226
ArgId Recall: 0.6649265616705008
ArgId F1: 0.6254421372393991
full-structure Precision: 0.7053701721957388
full-structure Recall: 0.7602495543672014
full-structure F1: 0.7317823980621719
-----processing time: 2hour:46min:4sec

### model dir: /disk/data/models/framenet/enModel-with-exemplar/1/
### TARGET LANGUAGE: en
srl model: framenet
language: multilingual
version: 1.1
using viterbi: False
using masking: True
pretrained BERT: bert-base-multilingual-cased
using TGT special token: True
used dictionary:
	 /disk/kaiser/kaiser/src/../koreanframenet/resource/info/mul_lu2idx.json
	 /disk/kaiser/kaiser/src/../koreanframenet/resource/info/mul_lufrmap.json
	 /disk/kaiser/kaiser/src/../koreanframenet/resource/info/mul_bio_frargmap.json
...loaded model path: /disk/data/models/framenet/enModel-with-exemplar/1/
/disk/data/models/framenet/enModel-with-exemplar/1/
...model is loaded
# EPOCH: 1
SenseId Accuracy: 0.894250819183795
ArgId Precision: 0.5623834679925419
ArgId Recall: 0.6405061051141391
ArgId F1: 0.5989079175974187
full-structure Precision: 0.6857584391751581
full-structure Recall: 0.744468910558876
full-structure F1: 0.7139086498579724
-----processing time: 3hour:28min:57sec

### model dir: /disk/data/models/framenet/enModel-with-exemplar/11/
### TARGET LANGUAGE: en
srl model: framenet
language: multilingual
version: 1.1
using viterbi: False
using masking: True
pretrained BERT: bert-base-multilingual-cased
using TGT special token: True
used dictionary:
	 /disk/kaiser/kaiser/src/../koreanframenet/resource/info/mul_lu2idx.json
	 /disk/kaiser/kaiser/src/../koreanframenet/resource/info/mul_lufrmap.json
	 /disk/kaiser/kaiser/src/../koreanframenet/resource/info/mul_bio_frargmap.json
...loaded model path: /disk/data/models/framenet/enModel-with-exemplar/11/
/disk/data/models/framenet/enModel-with-exemplar/11/
...model is loaded
# EPOCH: 11
SenseId Accuracy: 0.893357164134644
ArgId Precision: 0.5879868606288128
ArgId Recall: 0.6651920014156787
ArgId F1: 0.6242112255064762
full-structure Precision: 0.7024312126947154
full-structure Recall: 0.7588864422774457
full-structure F1: 0.7295683072503214
-----processing time: 3hour:37min:32sec

### model dir: /disk/data/models/framenet/enModel-with-exemplar/2/
### TARGET LANGUAGE: en
srl model: framenet
language: multilingual
version: 1.1
using viterbi: False
using masking: True
pretrained BERT: bert-base-multilingual-cased
using TGT special token: True
used dictionary:
	 /disk/kaiser/kaiser/src/../koreanframenet/resource/info/mul_lu2idx.json
	 /disk/kaiser/kaiser/src/../koreanframenet/resource/info/mul_lufrmap.json
	 /disk/kaiser/kaiser/src/../koreanframenet/resource/info/mul_bio_frargmap.json
...loaded model path: /disk/data/models/framenet/enModel-with-exemplar/2/
/disk/data/models/framenet/enModel-with-exemplar/2/
...model is loaded
# EPOCH: 2
SenseId Accuracy: 0.8863568662496276
ArgId Precision: 0.578426601784266
ArgId Recall: 0.631038754202796
ArgId F1: 0.603588354773189
full-structure Precision: 0.6967367585796469
full-structure Recall: 0.7365523749606795
full-structure F1: 0.7160915439115143
-----processing time: 3hour:46min:9sec

### model dir: /disk/data/models/framenet/enModel-with-exemplar/4/
### TARGET LANGUAGE: en
srl model: framenet
language: multilingual
version: 1.1
using viterbi: False
using masking: True
pretrained BERT: bert-base-multilingual-cased
using TGT special token: True
used dictionary:
	 /disk/kaiser/kaiser/src/../koreanframenet/resource/info/mul_lu2idx.json
	 /disk/kaiser/kaiser/src/../koreanframenet/resource/info/mul_lufrmap.json
	 /disk/kaiser/kaiser/src/../koreanframenet/resource/info/mul_bio_frargmap.json
...loaded model path: /disk/data/models/framenet/enModel-with-exemplar/4/
/disk/data/models/framenet/enModel-with-exemplar/4/
...model is loaded
# EPOCH: 4
SenseId Accuracy: 0.8939529341674114
ArgId Precision: 0.5951774629953843
ArgId Recall: 0.6617412847283667
ArgId F1: 0.6266968325791855
full-structure Precision: 0.708825982436344
full-structure Recall: 0.7574709027996225
full-structure F1: 0.732341536356033
-----processing time: 3hour:57min:4sec

### model dir: /disk/data/models/framenet/enModel-with-exemplar/9/
### TARGET LANGUAGE: en
srl model: framenet
language: multilingual
version: 1.1
using viterbi: False
using masking: True
pretrained BERT: bert-base-multilingual-cased
using TGT special token: True
used dictionary:
	 /disk/kaiser/kaiser/src/../koreanframenet/resource/info/mul_lu2idx.json
	 /disk/kaiser/kaiser/src/../koreanframenet/resource/info/mul_lufrmap.json
	 /disk/kaiser/kaiser/src/../koreanframenet/resource/info/mul_bio_frargmap.json
...loaded model path: /disk/data/models/framenet/enModel-with-exemplar/9/
/disk/data/models/framenet/enModel-with-exemplar/9/
...model is loaded
# EPOCH: 9
SenseId Accuracy: 0.9021447721179625
ArgId Precision: 0.5954611532870295
ArgId Recall: 0.6523624137320828
ArgId F1: 0.6226144232393176
full-structure Precision: 0.7127770340621746
full-structure Recall: 0.7536961308587606
full-structure F1: 0.7326656983411054
-----processing time: 4hour:15min:4sec

### model dir: /disk/data/models/framenet/enModel-with-exemplar/17/
### TARGET LANGUAGE: en
srl model: framenet
language: multilingual
version: 1.1
using viterbi: False
using masking: True
pretrained BERT: bert-base-multilingual-cased
using TGT special token: True
used dictionary:
	 /disk/kaiser/kaiser/src/../koreanframenet/resource/info/mul_lu2idx.json
	 /disk/kaiser/kaiser/src/../koreanframenet/resource/info/mul_lufrmap.json
	 /disk/kaiser/kaiser/src/../koreanframenet/resource/info/mul_bio_frargmap.json
...loaded model path: /disk/data/models/framenet/enModel-with-exemplar/17/
/disk/data/models/framenet/enModel-with-exemplar/17/
...model is loaded
# EPOCH: 17
SenseId Accuracy: 0.8941018766756033
ArgId Precision: 0.5899663457775691
ArgId Recall: 0.6669615997168643
ArgId F1: 0.6261057352880103
full-structure Precision: 0.7038924480683363
full-structure Recall: 0.7603544091433365
full-structure F1: 0.731034830384596
-----processing time: 4hour:33min:5sec

### model dir: /disk/data/models/framenet/enModel-with-exemplar/10/
### TARGET LANGUAGE: en
srl model: framenet
language: multilingual
version: 1.1
using viterbi: False
using masking: True
pretrained BERT: bert-base-multilingual-cased
using TGT special token: True
used dictionary:
	 /disk/kaiser/kaiser/src/../koreanframenet/resource/info/mul_lu2idx.json
	 /disk/kaiser/kaiser/src/../koreanframenet/resource/info/mul_lufrmap.json
	 /disk/kaiser/kaiser/src/../koreanframenet/resource/info/mul_bio_frargmap.json
...loaded model path: /disk/data/models/framenet/enModel-with-exemplar/10/
/disk/data/models/framenet/enModel-with-exemplar/10/
...model is loaded
# EPOCH: 10
SenseId Accuracy: 0.8963360142984808
ArgId Precision: 0.5838926174496645
ArgId Recall: 0.654308971863387
ArgId F1: 0.6170985104518714
full-structure Precision: 0.701635342933854
full-structure Recall: 0.753538848694558
full-structure F1: 0.7266614424024874
-----processing time: 4hour:51min:11sec

### model dir: /disk/data/models/framenet/enModel-with-exemplar/8/
### TARGET LANGUAGE: en
srl model: framenet
language: multilingual
version: 1.1
using viterbi: False
using masking: True
pretrained BERT: bert-base-multilingual-cased
using TGT special token: True
used dictionary:
	 /disk/kaiser/kaiser/src/../koreanframenet/resource/info/mul_lu2idx.json
	 /disk/kaiser/kaiser/src/../koreanframenet/resource/info/mul_lufrmap.json
	 /disk/kaiser/kaiser/src/../koreanframenet/resource/info/mul_bio_frargmap.json
...loaded model path: /disk/data/models/framenet/enModel-with-exemplar/8/
/disk/data/models/framenet/enModel-with-exemplar/8/
...model is loaded
# EPOCH: 8
SenseId Accuracy: 0.902591599642538
ArgId Precision: 0.5889793659577832
ArgId Recall: 0.6591753671916475
ArgId F1: 0.6221034612333515
full-structure Precision: 0.7070069923231138
full-structure Recall: 0.7580476040683654
full-structure F1: 0.7316382036685642
-----processing time: 5hour:9min:19sec

### model dir: /disk/data/models/framenet/enModel-with-exemplar/0/
### TARGET LANGUAGE: en
srl model: framenet
language: multilingual
version: 1.1
using viterbi: False
using masking: True
pretrained BERT: bert-base-multilingual-cased
using TGT special token: True
used dictionary:
	 /disk/kaiser/kaiser/src/../koreanframenet/resource/info/mul_lu2idx.json
	 /disk/kaiser/kaiser/src/../koreanframenet/resource/info/mul_lufrmap.json
	 /disk/kaiser/kaiser/src/../koreanframenet/resource/info/mul_bio_frargmap.json
...loaded model path: /disk/data/models/framenet/enModel-with-exemplar/0/
/disk/data/models/framenet/enModel-with-exemplar/0/
...model is loaded
# EPOCH: 0
SenseId Accuracy: 0.8899314864462318
ArgId Precision: 0.5351750972762646
ArgId Recall: 0.6084763758626792
ArgId F1: 0.5694766478966545
full-structure Precision: 0.6683288148721921
full-structure Recall: 0.723760092272203
full-structure F1: 0.694940850742512
-----processing time: 5hour:27min:31sec

### model dir: /disk/data/models/framenet/enModel-with-exemplar/6/
### TARGET LANGUAGE: en
srl model: framenet
language: multilingual
version: 1.1
using viterbi: False
using masking: True
pretrained BERT: bert-base-multilingual-cased
using TGT special token: True
used dictionary:
	 /disk/kaiser/kaiser/src/../koreanframenet/resource/info/mul_lu2idx.json
	 /disk/kaiser/kaiser/src/../koreanframenet/resource/info/mul_lufrmap.json
	 /disk/kaiser/kaiser/src/../koreanframenet/resource/info/mul_bio_frargmap.json
...loaded model path: /disk/data/models/framenet/enModel-with-exemplar/6/
/disk/data/models/framenet/enModel-with-exemplar/6/
...model is loaded
# EPOCH: 6
SenseId Accuracy: 0.9019958296097706
ArgId Precision: 0.5938941008109397
ArgId Recall: 0.6609449654928331
ArgId F1: 0.6256281407035177
full-structure Precision: 0.7106090373280943
full-structure Recall: 0.758519450560973
full-structure F1: 0.7337830298726987
-----processing time: 5hour:45min:43sec

### model dir: /disk/data/models/framenet/enModel-with-exemplar/7/
### TARGET LANGUAGE: en
srl model: framenet
language: multilingual
version: 1.1
using viterbi: False
using masking: True
pretrained BERT: bert-base-multilingual-cased
using TGT special token: True
used dictionary:
	 /disk/kaiser/kaiser/src/../koreanframenet/resource/info/mul_lu2idx.json
	 /disk/kaiser/kaiser/src/../koreanframenet/resource/info/mul_lufrmap.json
	 /disk/kaiser/kaiser/src/../koreanframenet/resource/info/mul_bio_frargmap.json
...loaded model path: /disk/data/models/framenet/enModel-with-exemplar/7/
/disk/data/models/framenet/enModel-with-exemplar/7/
...model is loaded
# EPOCH: 7
SenseId Accuracy: 0.9009532320524277
ArgId Precision: 0.5931470658874389
ArgId Recall: 0.6555476906742169
ArgId F1: 0.6227882150212247
full-structure Precision: 0.7101634823714792
full-structure Recall: 0.7561077907098669
full-structure F1: 0.732415824488345
-----processing time: 6hour:3min:53sec

### model dir: /disk/data/models/framenet/enModel-with-exemplar/13/
### TARGET LANGUAGE: en
srl model: framenet
language: multilingual
version: 1.1
using viterbi: False
using masking: True
pretrained BERT: bert-base-multilingual-cased
using TGT special token: True
used dictionary:
	 /disk/kaiser/kaiser/src/../koreanframenet/resource/info/mul_lu2idx.json
	 /disk/kaiser/kaiser/src/../koreanframenet/resource/info/mul_lufrmap.json
	 /disk/kaiser/kaiser/src/../koreanframenet/resource/info/mul_bio_frargmap.json
...loaded model path: /disk/data/models/framenet/enModel-with-exemplar/13/
/disk/data/models/framenet/enModel-with-exemplar/13/
...model is loaded
# EPOCH: 13
SenseId Accuracy: 0.8952934167411379
ArgId Precision: 0.5884871550903901
ArgId Recall: 0.6566979295699876
ArgId F1: 0.6207242619386134
full-structure Precision: 0.7046756425948593
full-structure Recall: 0.7545873964559086
full-structure F1: 0.7287779437454113
-----processing time: 6hour:21min:57sec

### model dir: /disk/data/models/framenet/enModel-with-exemplar/16/
### TARGET LANGUAGE: en
srl model: framenet
language: multilingual
version: 1.1
using viterbi: False
using masking: True
pretrained BERT: bert-base-multilingual-cased
using TGT special token: True
used dictionary:
	 /disk/kaiser/kaiser/src/../koreanframenet/resource/info/mul_lu2idx.json
	 /disk/kaiser/kaiser/src/../koreanframenet/resource/info/mul_lufrmap.json
	 /disk/kaiser/kaiser/src/../koreanframenet/resource/info/mul_bio_frargmap.json
...loaded model path: /disk/data/models/framenet/enModel-with-exemplar/16/
/disk/data/models/framenet/enModel-with-exemplar/16/
...model is loaded
# EPOCH: 16
SenseId Accuracy: 0.9006553470360441
ArgId Precision: 0.589844364093696
ArgId Recall: 0.6639532826048486
ArgId F1: 0.6247086247086248
full-structure Precision: 0.7065153876119984
full-structure Recall: 0.7606689734717417
full-structure F1: 0.7325927796011108
-----processing time: 6hour:40min:11sec

### model dir: /disk/data/models/framenet/enModel-with-exemplar/19/
### TARGET LANGUAGE: en
srl model: framenet
language: multilingual
version: 1.1
using viterbi: False
using masking: True
pretrained BERT: bert-base-multilingual-cased
using TGT special token: True
used dictionary:
	 /disk/kaiser/kaiser/src/../koreanframenet/resource/info/mul_lu2idx.json
	 /disk/kaiser/kaiser/src/../koreanframenet/resource/info/mul_lufrmap.json
	 /disk/kaiser/kaiser/src/../koreanframenet/resource/info/mul_bio_frargmap.json
...loaded model path: /disk/data/models/framenet/enModel-with-exemplar/19/
/disk/data/models/framenet/enModel-with-exemplar/19/
...model is loaded
# EPOCH: 19
SenseId Accuracy: 0.899761691986893
ArgId Precision: 0.5880398671096345
ArgId Recall: 0.657759688550699
ArgId F1: 0.6209488807216839
full-structure Precision: 0.7057529693533409
full-structure Recall: 0.7569990563070148
full-structure F1: 0.7304783345559407
-----processing time: 6hour:58min:27sec

### model dir: /disk/data/models/framenet/enModel-with-exemplar/5/
### TARGET LANGUAGE: en
srl model: framenet
language: multilingual
version: 1.1
using viterbi: False
using masking: True
pretrained BERT: bert-base-multilingual-cased
using TGT special token: True
used dictionary:
	 /disk/kaiser/kaiser/src/../koreanframenet/resource/info/mul_lu2idx.json
	 /disk/kaiser/kaiser/src/../koreanframenet/resource/info/mul_lufrmap.json
	 /disk/kaiser/kaiser/src/../koreanframenet/resource/info/mul_bio_frargmap.json
...loaded model path: /disk/data/models/framenet/enModel-with-exemplar/5/
/disk/data/models/framenet/enModel-with-exemplar/5/
...model is loaded
# EPOCH: 5
SenseId Accuracy: 0.8994638069705094
ArgId Precision: 0.5763791763791764
ArgId Recall: 0.6563440099097505
ArgId F1: 0.6137679960284627
full-structure Precision: 0.6973684210526315
full-structure Recall: 0.7557932263814616
full-structure F1: 0.7254063301967494
-----processing time: 7hour:16min:37sec

### model dir: /disk/data/models/framenet/enModel-with-exemplar/18/
### TARGET LANGUAGE: en
srl model: framenet
language: multilingual
version: 1.1
using viterbi: False
using masking: True
pretrained BERT: bert-base-multilingual-cased
using TGT special token: True
used dictionary:
	 /disk/kaiser/kaiser/src/../koreanframenet/resource/info/mul_lu2idx.json
	 /disk/kaiser/kaiser/src/../koreanframenet/resource/info/mul_lufrmap.json
	 /disk/kaiser/kaiser/src/../koreanframenet/resource/info/mul_bio_frargmap.json
...loaded model path: /disk/data/models/framenet/enModel-with-exemplar/18/
/disk/data/models/framenet/enModel-with-exemplar/18/
...model is loaded
# EPOCH: 18
SenseId Accuracy: 0.8957402442657134
ArgId Precision: 0.5989591673338671
ArgId Recall: 0.6619182445584852
ArgId F1: 0.6288668459986549
full-structure Precision: 0.7113803122076131
full-structure Recall: 0.7573660480234875
full-structure F1: 0.7336532845788578
-----processing time: 7hour:34min:50sec

### model dir: /disk/data/models/framenet/enModel-with-exemplar/14/
### TARGET LANGUAGE: en
srl model: framenet
language: multilingual
version: 1.1
using viterbi: False
using masking: True
pretrained BERT: bert-base-multilingual-cased
using TGT special token: True
used dictionary:
	 /disk/kaiser/kaiser/src/../koreanframenet/resource/info/mul_lu2idx.json
	 /disk/kaiser/kaiser/src/../koreanframenet/resource/info/mul_lufrmap.json
	 /disk/kaiser/kaiser/src/../koreanframenet/resource/info/mul_bio_frargmap.json
...loaded model path: /disk/data/models/framenet/enModel-with-exemplar/14/
/disk/data/models/framenet/enModel-with-exemplar/14/
...model is loaded
# EPOCH: 14
SenseId Accuracy: 0.9003574620196604
ArgId Precision: 0.5949683569028831
ArgId Recall: 0.673774553176429
ArgId F1: 0.6319239865565744
full-structure Precision: 0.7093220750230504
full-structure Recall: 0.7663311313830345
full-structure F1: 0.7367253849449359
-----processing time: 7hour:53min:6sec


	### Your result is saved at: /disk/data/models/eval_result/en_with_exem_for_en_with_masking_result.txt
