### Korean FrameNet ###
	# contact: hahmyg@kaist, hahmyg@gmail.com #


	###DEVICE: cuda:0
	###en-for-ko-masking
### Your result would be saved to: /disk/data/models/results/framenet/enModel-with-exemplar/en_with_exem_for_ko_with_masking_result.txt

### loading Korean FrameNet 1.1 data...
	# of instances in training data: 17838
	# of instances in dev data: 2548
	# of instances in test data: 5097
# of instances in trn: 17838
# of instances in dev: 2548
# of instances in tst: 5097
data example: [['태풍', 'Hugo가', '남긴', '피해들과', '회사', '내', '몇몇', '주요', '부서들의', '저조한', '실적들을', '반영하여,', 'Aetna', 'Life', 'and', 'Casualty', 'Co.의', '3분기', '<tgt>', '순이익이', '</tgt>', '182.6', '백만', '달러', '또는', '주당', '1.63', '달러로', '22', '%', '하락하였다.'], ['_', '_', '_', '_', '_', '_', '_', '_', '_', '_', '_', '_', '_', '_', '_', '_', '_', '_', '_', '이익.n', '_', '_', '_', '_', '_', '_', '_', '_', '_', '_', '_'], ['_', '_', '_', '_', '_', '_', '_', '_', '_', '_', '_', '_', '_', '_', '_', '_', '_', '_', '_', 'Earnings_and_losses', '_', '_', '_', '_', '_', '_', '_', '_', '_', '_', '_'], ['O', 'O', 'O', 'O', 'O', 'O', 'O', 'O', 'O', 'O', 'O', 'O', 'B-Earner', 'I-Earner', 'I-Earner', 'I-Earner', 'I-Earner', 'B-Time', 'X', 'O', 'X', 'O', 'O', 'O', 'O', 'O', 'O', 'O', 'O', 'O', 'O']]
### EVALUATION
MODE: framenet
target LANGUAGE: ko
trained LANGUAGE: en_with_exem
Viterbi: False
masking: True
using TGT token: True
### model dir: /disk/data/models/dict_framenet/enModel-with-exemplar/9/
### TARGET LANGUAGE: ko
srl model: framenet
language: multilingual
version: 1.1
using viterbi: False
using masking: True
pretrained BERT: bert-base-multilingual-cased
using TGT special token: True
used dictionary:
	 /disk/kaiser/kaiser/src/../koreanframenet/resource/info/mul_lu2idx.json
	 /disk/kaiser/kaiser/src/../koreanframenet/resource/info/mul_lufrmap.json
	 /disk/kaiser/kaiser/src/../koreanframenet/resource/info/mul_bio_frargmap.json
...loaded model path: /disk/data/models/dict_framenet/enModel-with-exemplar/9/
/disk/data/models/dict_framenet/enModel-with-exemplar/9/
...model is loaded
# EPOCH: 9
SenseId Accuracy: 0.714145575828919
ArgId Precision: 0.1289855072463768
ArgId Recall: 0.05505381665223308
ArgId F1: 0.07716986040058961
full-structure Precision: 0.4966036158428258
full-structure Recall: 0.33625813756014716
full-structure F1: 0.40099573857643134
-----processing time: 0hour:16min:43sec


	### Your result is saved at: /disk/data/models/results/framenet/enModel-with-exemplar/en_with_exem_for_ko_with_masking_result.txt
	###en-for-ko-without-masking
### Your result would be saved to: /disk/data/models/results/framenet/enModel-with-exemplar/en_with_exem_for_ko_result.txt

### loading Korean FrameNet 1.1 data...
	# of instances in training data: 17838
	# of instances in dev data: 2548
	# of instances in test data: 5097
# of instances in trn: 17838
# of instances in dev: 2548
# of instances in tst: 5097
data example: [['태풍', 'Hugo가', '남긴', '피해들과', '회사', '내', '몇몇', '주요', '부서들의', '저조한', '실적들을', '반영하여,', 'Aetna', 'Life', 'and', 'Casualty', 'Co.의', '3분기', '<tgt>', '순이익이', '</tgt>', '182.6', '백만', '달러', '또는', '주당', '1.63', '달러로', '22', '%', '하락하였다.'], ['_', '_', '_', '_', '_', '_', '_', '_', '_', '_', '_', '_', '_', '_', '_', '_', '_', '_', '_', '이익.n', '_', '_', '_', '_', '_', '_', '_', '_', '_', '_', '_'], ['_', '_', '_', '_', '_', '_', '_', '_', '_', '_', '_', '_', '_', '_', '_', '_', '_', '_', '_', 'Earnings_and_losses', '_', '_', '_', '_', '_', '_', '_', '_', '_', '_', '_'], ['O', 'O', 'O', 'O', 'O', 'O', 'O', 'O', 'O', 'O', 'O', 'O', 'B-Earner', 'I-Earner', 'I-Earner', 'I-Earner', 'I-Earner', 'B-Time', 'X', 'O', 'X', 'O', 'O', 'O', 'O', 'O', 'O', 'O', 'O', 'O', 'O']]
### EVALUATION
MODE: framenet
target LANGUAGE: ko
trained LANGUAGE: en_with_exem
Viterbi: False
masking: False
using TGT token: True
### model dir: /disk/data/models/dict_framenet/enModel-with-exemplar/9/
### TARGET LANGUAGE: ko
srl model: framenet
language: multilingual
version: 1.1
using viterbi: False
using masking: False
pretrained BERT: bert-base-multilingual-cased
using TGT special token: True
used dictionary:
	 /disk/kaiser/kaiser/src/../koreanframenet/resource/info/mul_lu2idx.json
	 /disk/kaiser/kaiser/src/../koreanframenet/resource/info/mul_lufrmap.json
	 /disk/kaiser/kaiser/src/../koreanframenet/resource/info/mul_bio_frargmap.json
...loaded model path: /disk/data/models/dict_framenet/enModel-with-exemplar/9/
/disk/data/models/dict_framenet/enModel-with-exemplar/9/
...model is loaded
# EPOCH: 9
SenseId Accuracy: 0.16892289582107123
ArgId Precision: 0.07340403410272406
ArgId Recall: 0.043671903996041074
ArgId F1: 0.05476264349984487
full-structure Precision: 0.11997818578440284
full-structure Recall: 0.093405038211152
full-structure F1: 0.10503700167104321
-----processing time: 0hour:24min:37sec


	### Your result is saved at: /disk/data/models/results/framenet/enModel-with-exemplar/en_with_exem_for_ko_result.txt
