### Korean FrameNet ###
	# contact: hahmyg@kaist, hahmyg@gmail.com #


	###DEVICE: cuda:0
	###ko-for-ko-without-masking
### Your result would be saved to: /disk/data/models/results/framenet/koModel/ko_for_ko_result.txt

### loading Korean FrameNet 1.1 data...
	# of instances in training data: 17838
	# of instances in dev data: 2548
	# of instances in test data: 5097
# of instances in trn: 17838
# of instances in dev: 2548
# of instances in tst: 5097
data example: [['태풍', 'Hugo가', '남긴', '피해들과', '회사', '내', '몇몇', '주요', '부서들의', '저조한', '실적들을', '반영하여,', 'Aetna', 'Life', 'and', 'Casualty', 'Co.의', '3분기', '<tgt>', '순이익이', '</tgt>', '182.6', '백만', '달러', '또는', '주당', '1.63', '달러로', '22', '%', '하락하였다.'], ['_', '_', '_', '_', '_', '_', '_', '_', '_', '_', '_', '_', '_', '_', '_', '_', '_', '_', '_', '이익.n', '_', '_', '_', '_', '_', '_', '_', '_', '_', '_', '_'], ['_', '_', '_', '_', '_', '_', '_', '_', '_', '_', '_', '_', '_', '_', '_', '_', '_', '_', '_', 'Earnings_and_losses', '_', '_', '_', '_', '_', '_', '_', '_', '_', '_', '_'], ['O', 'O', 'O', 'O', 'O', 'O', 'O', 'O', 'O', 'O', 'O', 'O', 'B-Earner', 'I-Earner', 'I-Earner', 'I-Earner', 'I-Earner', 'B-Time', 'X', 'O', 'X', 'O', 'O', 'O', 'O', 'O', 'O', 'O', 'O', 'O', 'O']]
### EVALUATION
MODE: framenet
target LANGUAGE: ko
trained LANGUAGE: ko
Viterbi: False
masking: False
using TGT token: True
### model dir: /disk/data/models/framenet/koModel/39/
### TARGET LANGUAGE: ko
srl model: framenet
language: multilingual
version: 1.1
using viterbi: False
using masking: False
pretrained BERT: bert-base-multilingual-cased
using TGT special token: True
used dictionary:
	 /disk/kaiser/kaiser/src/../koreanframenet/resource/info/mul_lu2idx.json
	 /disk/kaiser/kaiser/src/../koreanframenet/resource/info/mul_lufrmap.json
	 /disk/kaiser/kaiser/src/../koreanframenet/resource/info/mul_bio_frargmap.json
...loaded model path: /disk/data/models/framenet/koModel/39/
/disk/data/models/framenet/koModel/39/
...model is loaded
# EPOCH: 39
SenseId Accuracy: 0.03217578968020404
ArgId Precision: 0.13347752201452187
ArgId Recall: 0.10689100581467277
ArgId F1: 0.11871393239901071
full-structure Precision: 0.09468255981063488
full-structure Recall: 0.07925275969431078
full-structure F1: 0.0862832710604368
-----processing time: 0hour:25min:12sec


	### Your result is saved at: /disk/data/models/results/framenet/koModel/ko_for_ko_result.txt
